Using pre-set license
Built from '2020.2/china_unity/release' branch; Version is '2020.2.7f1c1 (90377d9151b9) revision 9451389'; Using compiler version '192528614'; Build Type 'Release'
OS: 'Windows 10 Home China; OS build 19042.1288; Version 2009; 64bit' Language: 'zh' Physical Memory: 32549 MB
BatchMode: 1, IsHumanControllingUs: 0, StartBugReporterOnCrash: 0, Is64bit: 1, IsPro: 0

 COMMAND LINE ARGUMENTS:
C:\Program Files\Unity\Hub\Editor\2020.2.7f1c1\Editor\Unity.exe
-adb2
-batchMode
-noUpm
-name
AssetImportWorker0
-projectPath
F:/AllTechnologies/UnityProjs/Shaders/UnityShaderBook
-logFile
Logs/AssetImportWorker0.log
-srvPort
8177
Successfully changed project path to: F:/AllTechnologies/UnityProjs/Shaders/UnityShaderBook
F:/AllTechnologies/UnityProjs/Shaders/UnityShaderBook
Using Asset Import Pipeline V2.
Refreshing native plugins compatible for Editor in 20.71 ms, found 0 plugins.
Preloading 0 native plugins for Editor in 0.00 ms.
Initialize engine version: 2020.2.7f1c1 (90377d9151b9)
[Subsystems] Discovering subsystems at path C:/Program Files/Unity/Hub/Editor/2020.2.7f1c1/Editor/Data/Resources/UnitySubsystems
[Subsystems] Discovering subsystems at path F:/AllTechnologies/UnityProjs/Shaders/UnityShaderBook/Assets
GfxDevice: creating device client; threaded=0
Direct3D:
    Version:  Direct3D 11.0 [level 11.1]
    Renderer: NVIDIA GeForce GTX 1660 (ID=0x2184)
    Vendor:   
    VRAM:     5991 MB
    Driver:   27.21.14.5671
Initialize mono
Mono path[0] = 'C:/Program Files/Unity/Hub/Editor/2020.2.7f1c1/Editor/Data/Managed'
Mono path[1] = 'C:/Program Files/Unity/Hub/Editor/2020.2.7f1c1/Editor/Data/MonoBleedingEdge/lib/mono/unityjit'
Mono config path = 'C:/Program Files/Unity/Hub/Editor/2020.2.7f1c1/Editor/Data/MonoBleedingEdge/etc'
Using monoOptions --debugger-agent=transport=dt_socket,embedding=1,server=y,suspend=n,address=127.0.0.1:56476
Begin MonoManager ReloadAssembly
Registering precompiled unity dll's ...
Register platform support module: C:/Program Files/Unity/Hub/Editor/2020.2.7f1c1/Editor/Data/PlaybackEngines/WindowsStandaloneSupport/UnityEditor.WindowsStandalone.Extensions.dll
Registered in 0.001440 seconds.
Native extension for WindowsStandalone target not found
Refreshing native plugins compatible for Editor in 21.51 ms, found 0 plugins.
Preloading 0 native plugins for Editor in 0.00 ms.
Invoked RoslynAnalysisRunner static constructor.
RoslynAnalysisRunner will not be running.
RoslynAnalysisRunner has terminated.
Mono: successfully reloaded assembly
- Completed reload, in  1.198 seconds
Platform modules already initialized, skipping
Registering precompiled user dll's ...
Registered in 0.000360 seconds.
Begin MonoManager ReloadAssembly
Native extension for WindowsStandalone target not found
Refreshing native plugins compatible for Editor in 0.22 ms, found 0 plugins.
Preloading 0 native plugins for Editor in 0.00 ms.
Invoked RoslynAnalysisRunner static constructor.
RoslynAnalysisRunner will not be running.
RoslynAnalysisRunner has terminated.
Mono: successfully reloaded assembly
- Completed reload, in  0.662 seconds
Platform modules already initialized, skipping
========================================================================
Worker process is ready to serve import requests
Launched and connected shader compiler UnityShaderCompiler.exe after 0.08 seconds
Refreshing native plugins compatible for Editor in 0.21 ms, found 0 plugins.
Preloading 0 native plugins for Editor in 0.00 ms.
Unloading 1209 Unused Serialized files (Serialized files now loaded: 0)
System memory in use before: 76.7 MB.
System memory in use after: 76.7 MB.

Unloading 10 unused Assets to reduce memory usage. Loaded Objects now: 1659.
Total: 1.788400 ms (FindLiveObjects: 0.117300 ms CreateObjectMapping: 0.030100 ms MarkObjects: 1.388200 ms  DeleteObjects: 0.252200 ms)

========================================================================
Received Import Request.
  path: Assets/Scenes/Chapter5/Scene_5_2.unity
  artifactKey: Guid(d4c7dab7c21c9423793d95e08ed0794c) Importer(815301076,1909f56bfc062723c751e8b465ee728b)
Start importing Assets/Scenes/Chapter5/Scene_5_2.unity using Guid(d4c7dab7c21c9423793d95e08ed0794c) Importer(815301076,1909f56bfc062723c751e8b465ee728b)  -> (artifact id: 'de44a8ba5bc044144741241c11bcdf65') in 0.009262 seconds
  Import took 0.011401 seconds .

========================================================================
Received Import Request.
  Time since last request: 0.000520 seconds.
  path: Assets/Scenes/Chapter5
  artifactKey: Guid(cdcfe5463fa314b0581f7fe3fd6fb88f) Importer(815301076,1909f56bfc062723c751e8b465ee728b)
Start importing Assets/Scenes/Chapter5 using Guid(cdcfe5463fa314b0581f7fe3fd6fb88f) Importer(815301076,1909f56bfc062723c751e8b465ee728b)  -> (artifact id: '30007a28008e20d3780427662062129b') in 0.002401 seconds
  Import took 0.003811 seconds .

========================================================================
Received Import Request.
  Time since last request: 21.097693 seconds.
  path: Assets/Scenes/Chapter10/Scene_10_1_3.unity
  artifactKey: Guid(34d48e1254f4749cd9dad42db0de3f7b) Importer(815301076,1909f56bfc062723c751e8b465ee728b)
Start importing Assets/Scenes/Chapter10/Scene_10_1_3.unity using Guid(34d48e1254f4749cd9dad42db0de3f7b) Importer(815301076,1909f56bfc062723c751e8b465ee728b)  -> (artifact id: '62be6eb8b9cedf6905d068a703bce098') in 0.004173 seconds
  Import took 0.006071 seconds .

========================================================================
Received Import Request.
  Time since last request: 0.000700 seconds.
  path: Assets/Scenes/Chapter10/Scene_10_1_3.unity
  artifactKey: Guid(34d48e1254f4749cd9dad42db0de3f7b) Importer(815301076,1909f56bfc062723c751e8b465ee728b)
Start importing Assets/Scenes/Chapter10/Scene_10_1_3.unity using Guid(34d48e1254f4749cd9dad42db0de3f7b) Importer(815301076,1909f56bfc062723c751e8b465ee728b)  -> (artifact id: '62be6eb8b9cedf6905d068a703bce098') in 0.002798 seconds
  Import took 0.004708 seconds .

========================================================================
Received Import Request.
  Time since last request: 5.149992 seconds.
  path: Assets/Textures/Chapter10/Cubemap_0.cubemap
  artifactKey: Guid(5e6d2cc25beb34a998784c5dc7e8fe9c) Importer(815301076,1909f56bfc062723c751e8b465ee728b)
Start importing Assets/Textures/Chapter10/Cubemap_0.cubemap using Guid(5e6d2cc25beb34a998784c5dc7e8fe9c) Importer(815301076,1909f56bfc062723c751e8b465ee728b)  -> (artifact id: '859413021fd2ee41da570b0c611b11e1') in 0.116630 seconds
  Import took 0.119183 seconds .

========================================================================
Received Import Request.
  Time since last request: 0.001837 seconds.
  path: Assets/Textures/Chapter10/Cubemap_0.cubemap
  artifactKey: Guid(5e6d2cc25beb34a998784c5dc7e8fe9c) Importer(815301076,1909f56bfc062723c751e8b465ee728b)
Start importing Assets/Textures/Chapter10/Cubemap_0.cubemap using Guid(5e6d2cc25beb34a998784c5dc7e8fe9c) Importer(815301076,1909f56bfc062723c751e8b465ee728b)  -> (artifact id: '859413021fd2ee41da570b0c611b11e1') in 0.033185 seconds
  Import took 0.035271 seconds .

AssetImportWorkerClient::OnTransportError - code=2 error=End of file
