Using pre-set license
Built from '2020.2/china_unity/release' branch; Version is '2020.2.7f1c1 (90377d9151b9) revision 9451389'; Using compiler version '192528614'; Build Type 'Release'
OS: 'Windows 10 Home China; OS build 19042.1288; Version 2009; 64bit' Language: 'zh' Physical Memory: 32549 MB
BatchMode: 1, IsHumanControllingUs: 0, StartBugReporterOnCrash: 0, Is64bit: 1, IsPro: 0

 COMMAND LINE ARGUMENTS:
C:\Program Files\Unity\Hub\Editor\2020.2.7f1c1\Editor\Unity.exe
-adb2
-batchMode
-noUpm
-name
AssetImportWorker0
-projectPath
F:/AllTechnologies/UnityProjs/Shaders/UnityShaderBook
-logFile
Logs/AssetImportWorker0.log
-srvPort
3814
Successfully changed project path to: F:/AllTechnologies/UnityProjs/Shaders/UnityShaderBook
F:/AllTechnologies/UnityProjs/Shaders/UnityShaderBook
Using Asset Import Pipeline V2.
Refreshing native plugins compatible for Editor in 20.03 ms, found 0 plugins.
Preloading 0 native plugins for Editor in 0.00 ms.
Initialize engine version: 2020.2.7f1c1 (90377d9151b9)
[Subsystems] Discovering subsystems at path C:/Program Files/Unity/Hub/Editor/2020.2.7f1c1/Editor/Data/Resources/UnitySubsystems
[Subsystems] Discovering subsystems at path F:/AllTechnologies/UnityProjs/Shaders/UnityShaderBook/Assets
GfxDevice: creating device client; threaded=0
Direct3D:
    Version:  Direct3D 11.0 [level 11.1]
    Renderer: NVIDIA GeForce GTX 1660 (ID=0x2184)
    Vendor:   
    VRAM:     5991 MB
    Driver:   27.21.14.5671
Initialize mono
Mono path[0] = 'C:/Program Files/Unity/Hub/Editor/2020.2.7f1c1/Editor/Data/Managed'
Mono path[1] = 'C:/Program Files/Unity/Hub/Editor/2020.2.7f1c1/Editor/Data/MonoBleedingEdge/lib/mono/unityjit'
Mono config path = 'C:/Program Files/Unity/Hub/Editor/2020.2.7f1c1/Editor/Data/MonoBleedingEdge/etc'
Using monoOptions --debugger-agent=transport=dt_socket,embedding=1,server=y,suspend=n,address=127.0.0.1:56532
Begin MonoManager ReloadAssembly
Registering precompiled unity dll's ...
Register platform support module: C:/Program Files/Unity/Hub/Editor/2020.2.7f1c1/Editor/Data/PlaybackEngines/WindowsStandaloneSupport/UnityEditor.WindowsStandalone.Extensions.dll
Registered in 0.001463 seconds.
Native extension for WindowsStandalone target not found
Refreshing native plugins compatible for Editor in 20.45 ms, found 0 plugins.
Preloading 0 native plugins for Editor in 0.00 ms.
Invoked RoslynAnalysisRunner static constructor.
RoslynAnalysisRunner will not be running.
RoslynAnalysisRunner has terminated.
Mono: successfully reloaded assembly
- Completed reload, in  1.155 seconds
Platform modules already initialized, skipping
Registering precompiled user dll's ...
Registered in 0.000345 seconds.
Begin MonoManager ReloadAssembly
Native extension for WindowsStandalone target not found
Refreshing native plugins compatible for Editor in 0.21 ms, found 0 plugins.
Preloading 0 native plugins for Editor in 0.00 ms.
Invoked RoslynAnalysisRunner static constructor.
RoslynAnalysisRunner will not be running.
RoslynAnalysisRunner has terminated.
Mono: successfully reloaded assembly
- Completed reload, in  0.644 seconds
Platform modules already initialized, skipping
========================================================================
Worker process is ready to serve import requests
Launched and connected shader compiler UnityShaderCompiler.exe after 0.08 seconds
Refreshing native plugins compatible for Editor in 0.22 ms, found 0 plugins.
Preloading 0 native plugins for Editor in 0.00 ms.
Unloading 1209 Unused Serialized files (Serialized files now loaded: 0)
System memory in use before: 76.7 MB.
System memory in use after: 76.7 MB.

Unloading 10 unused Assets to reduce memory usage. Loaded Objects now: 1659.
Total: 1.490900 ms (FindLiveObjects: 0.121000 ms CreateObjectMapping: 0.031500 ms MarkObjects: 1.255500 ms  DeleteObjects: 0.082300 ms)

========================================================================
Received Import Request.
  path: Assets/Scenes/Chapter11/Scene_11_3_2.unity
  artifactKey: Guid(34c2964777dd74654b85d6d02d0edb6e) Importer(815301076,1909f56bfc062723c751e8b465ee728b)
Start importing Assets/Scenes/Chapter11/Scene_11_3_2.unity using Guid(34c2964777dd74654b85d6d02d0edb6e) Importer(815301076,1909f56bfc062723c751e8b465ee728b)  -> (artifact id: '647bc1c1a4ffd3206f1a3b50b10ea84c') in 0.009842 seconds
  Import took 0.018773 seconds .

========================================================================
Received Import Request.
  Time since last request: 0.000833 seconds.
  path: Assets/Scenes/Chapter11/Scene_11_3_1.unity
  artifactKey: Guid(faa3e2fe5c0ba4987b2e41d9b6ffcade) Importer(815301076,1909f56bfc062723c751e8b465ee728b)
Start importing Assets/Scenes/Chapter11/Scene_11_3_1.unity using Guid(faa3e2fe5c0ba4987b2e41d9b6ffcade) Importer(815301076,1909f56bfc062723c751e8b465ee728b)  -> (artifact id: '6846f360d369ab776f6c9b3020f4c153') in 0.002772 seconds
  Import took 0.004067 seconds .

========================================================================
Received Import Request.
  Time since last request: 0.001010 seconds.
  path: Assets/Scenes/Chapter11/Scene_11_2_2.unity
  artifactKey: Guid(cd0828ac4b61243159c3323ac2ae5c5e) Importer(815301076,1909f56bfc062723c751e8b465ee728b)
Start importing Assets/Scenes/Chapter11/Scene_11_2_2.unity using Guid(cd0828ac4b61243159c3323ac2ae5c5e) Importer(815301076,1909f56bfc062723c751e8b465ee728b)  -> (artifact id: '3a406e773701e6a6745ecced7e9e606e') in 0.002953 seconds
  Import took 0.004456 seconds .

========================================================================
Received Import Request.
  Time since last request: 0.028622 seconds.
  path: Assets/Scenes/Chapter11/Scene_11_2_1.unity
  artifactKey: Guid(7d43965ebc3b744faaf2c0fc7aaff9f6) Importer(815301076,1909f56bfc062723c751e8b465ee728b)
Start importing Assets/Scenes/Chapter11/Scene_11_2_1.unity using Guid(7d43965ebc3b744faaf2c0fc7aaff9f6) Importer(815301076,1909f56bfc062723c751e8b465ee728b)  -> (artifact id: 'a681edc64d4da09980f325be90df370a') in 0.003662 seconds
  Import took 0.005195 seconds .

========================================================================
Received Import Request.
  Time since last request: 76.450422 seconds.
  path: Assets/Scenes/Chapter11/Scene_11_3_3.unity
  artifactKey: Guid(3cc8306a991ef4e5fbd8cb16c4af8e0d) Importer(815301076,1909f56bfc062723c751e8b465ee728b)
Start importing Assets/Scenes/Chapter11/Scene_11_3_3.unity using Guid(3cc8306a991ef4e5fbd8cb16c4af8e0d) Importer(815301076,1909f56bfc062723c751e8b465ee728b)  -> (artifact id: '97c9b09ce6e0bafbdb9af7ef3a7ba395') in 0.003762 seconds
  Import took 0.005595 seconds .

========================================================================
Received Import Request.
  Time since last request: 1127.510827 seconds.
  path: Assets/Textures/Chapter11/boom.png
  artifactKey: Guid(da72fd1baa3aa4b7c99f7c3c8ead83d0) Importer(815301076,1909f56bfc062723c751e8b465ee728b)
Start importing Assets/Textures/Chapter11/boom.png using Guid(da72fd1baa3aa4b7c99f7c3c8ead83d0) Importer(815301076,1909f56bfc062723c751e8b465ee728b)  -> (artifact id: '0f9de693774b064642f83806061514c3') in 0.049414 seconds
  Import took 0.051297 seconds .

AssetImportWorkerClient::OnTransportError - code=2 error=End of file
